<?xml version="1.0" encoding="UTF-8"?>
<!-- Generated by org.testng.reporters.JUnitXMLReporter -->
<testsuite hostname="LAPTOP-QLD5DGRQ" ignored="1" name="Default test" tests="1" failures="0" timestamp="2021-10-14T01:18:49 IST" time="5.099" errors="0">
  <testcase name="downloadFileOnPreviewType" time="3.247" classname="uploadDownloadPDF.download_Upload_readPDF"/>
  <testcase name="downloadFileOnClick" time="0.0" classname="uploadDownloadPDF.download_Upload_readPDF">
    <ignored/>
  </testcase> <!-- downloadFileOnClick -->
</testsuite> <!-- Default test -->
