<?xml version="1.0" encoding="UTF-8"?>
<!-- Generated by org.testng.reporters.JUnitXMLReporter -->
<testsuite hostname="DESKTOP-K8LMT8A" ignored="0" name="Test" tests="4" failures="0" timestamp="24 Mar 2019 14:04:59 GMT" time="50.746" errors="0">
  <testcase name="LaunchGoogle" time="22.984" classname="TestCases.TC001"/>
  <testcase name="ToolsQA" time="30.13" classname="TestCases.TC003"/>
  <testcase name="LaunchGoogle" time="16.887" classname="TestCases.TC001"/>
  <testcase name="ToolsQA" time="20.19" classname="TestCases.TC003"/>
</testsuite> <!-- Test -->
