<?xml version="1.0" encoding="UTF-8"?>
<!-- Generated by org.testng.reporters.JUnitXMLReporter -->
<testsuite hostname="LAPTOP-QLD5DGRQ" ignored="1" name="Test" tests="4" failures="0" timestamp="2021-11-16T18:40:45 IST" time="12.164" errors="0">
  <testcase name="test" time="6.02" classname="TestCases.SampleTestJenkins"/>
  <testcase name="test" time="6.02" classname="TestCases.SampleTestJenkins"/>
  <testcase name="test" time="6.02" classname="TestCases.SampleTestJenkins"/>
  <testcase name="test" time="6.014" classname="TestCases.SampleTestJenkins"/>
  <testcase name="tes1t" time="0.0" classname="TestCases.SampleTestJenkins">
    <ignored/>
  </testcase> <!-- tes1t -->
</testsuite> <!-- Test -->
