<?xml version="1.0" encoding="UTF-8"?>
<testng-results skipped="0" failed="0" ignored="1" total="2" passed="1">
  <reporter-output>
  </reporter-output>
  <suite name="Default suite" duration-ms="5099" started-at="2021-10-14T01:18:44 IST" finished-at="2021-10-14T01:18:49 IST">
    <groups>
    </groups>
    <test name="Default test" duration-ms="5099" started-at="2021-10-14T01:18:44 IST" finished-at="2021-10-14T01:18:49 IST">
      <class name="uploadDownloadPDF.download_Upload_readPDF">
        <test-method status="PASS" signature="launchChrome()[pri:0, instance:uploadDownloadPDF.download_Upload_readPDF@3e57cd70]" name="launchChrome" is-config="true" duration-ms="1801" started-at="2021-10-14T01:18:44 IST" finished-at="2021-10-14T01:18:46 IST">
          <reporter-output>
          </reporter-output>
        </test-method> <!-- launchChrome -->
        <test-method status="PASS" signature="downloadFileOnPreviewType()[pri:0, instance:uploadDownloadPDF.download_Upload_readPDF@3e57cd70]" name="downloadFileOnPreviewType" duration-ms="3247" started-at="2021-10-14T01:18:46 IST" finished-at="2021-10-14T01:18:49 IST">
          <reporter-output>
          </reporter-output>
        </test-method> <!-- downloadFileOnPreviewType -->
      </class> <!-- uploadDownloadPDF.download_Upload_readPDF -->
    </test> <!-- Default test -->
  </suite> <!-- Default suite -->
</testng-results>
